<?xml version="1.0" encoding="UTF-8"?>
<!-- Generated by org.testng.reporters.JUnitXMLReporter -->
<testsuite ignored="0" hostname="LAPTOP-5PT88FB0" failures="0" tests="3" name="Test" time="22.09" errors="0" timestamp="2026-06-09T18:22:59 IST">
  <testcase classname="Test.RegistrationTest" name="registrationVerification" time="3.547"/>
  <testcase classname="Test.LoginTest" name="loginverification" time="0.952"/>
  <testcase classname="Test.SearchTest" name="searchVerification" time="0.227"/>
</testsuite> <!-- Test -->
