<?xml version="1.0" encoding="UTF-8"?>
<testng-results ignored="0" total="1" passed="1" failed="0" skipped="0">
  <reporter-output>
  </reporter-output>
  <suite started-at="2026-05-19T17:18:47 IST" name="Suite" finished-at="2026-05-19T17:19:03 IST" duration-ms="16514">
    <groups>
    </groups>
    <test started-at="2026-05-19T17:18:47 IST" name="Test" finished-at="2026-05-19T17:19:03 IST" duration-ms="16514">
      <class name="Test.LoginTest">
        <test-method is-config="true" signature="setup()[pri:0, instance:Test.LoginTest@5dd1c9f2]" started-at="2026-05-19T17:18:47 IST" name="setup" finished-at="2026-05-19T17:19:00 IST" duration-ms="13453" status="PASS">
          <reporter-output>
          </reporter-output>
        </test-method> <!-- setup -->
        <test-method signature="loginverification()[pri:0, instance:Test.LoginTest@5dd1c9f2]" started-at="2026-05-19T17:19:00 IST" name="loginverification" finished-at="2026-05-19T17:19:03 IST" duration-ms="2528" status="PASS">
          <reporter-output>
          </reporter-output>
        </test-method> <!-- loginverification -->
        <test-method is-config="true" signature="teardown()[pri:0, instance:Test.LoginTest@5dd1c9f2]" started-at="2026-05-19T17:19:03 IST" name="teardown" finished-at="2026-05-19T17:19:03 IST" duration-ms="446" status="PASS">
          <reporter-output>
          </reporter-output>
        </test-method> <!-- teardown -->
      </class> <!-- Test.LoginTest -->
    </test> <!-- Test -->
  </suite> <!-- Suite -->
</testng-results>
