<?xml version="1.0" encoding="UTF-8"?>
<testng-results ignored="0" total="2" passed="2" failed="0" skipped="0">
  <reporter-output>
  </reporter-output>
  <suite started-at="2026-06-05T15:50:43 IST" name="Suite" finished-at="2026-06-05T15:50:57 IST" duration-ms="14393">
    <groups>
    </groups>
    <test started-at="2026-06-05T15:50:43 IST" name="Test" finished-at="2026-06-05T15:50:57 IST" duration-ms="14393">
      <class name="Test.RegistrationTest">
        <test-method is-config="true" signature="setup()[pri:0, instance:Test.RegistrationTest@4c402120]" started-at="2026-06-05T15:50:43 IST" name="setup" finished-at="2026-06-05T15:50:48 IST" duration-ms="5249" status="PASS">
          <reporter-output>
          </reporter-output>
        </test-method> <!-- setup -->
        <test-method signature="registrationVerification()[pri:0, instance:Test.RegistrationTest@4c402120]" started-at="2026-06-05T15:50:48 IST" name="registrationVerification" finished-at="2026-06-05T15:50:52 IST" duration-ms="3843" status="PASS">
          <reporter-output>
          </reporter-output>
        </test-method> <!-- registrationVerification -->
        <test-method is-config="true" signature="teardown()[pri:0, instance:Test.RegistrationTest@4c402120]" started-at="2026-06-05T15:50:52 IST" name="teardown" finished-at="2026-06-05T15:50:52 IST" duration-ms="350" status="PASS">
          <reporter-output>
          </reporter-output>
        </test-method> <!-- teardown -->
      </class> <!-- Test.RegistrationTest -->
      <class name="Test.LoginTest">
        <test-method is-config="true" signature="setup()[pri:0, instance:Test.LoginTest@495fac5f]" started-at="2026-06-05T15:50:52 IST" name="setup" finished-at="2026-06-05T15:50:56 IST" duration-ms="3423" status="PASS">
          <reporter-output>
          </reporter-output>
        </test-method> <!-- setup -->
        <test-method signature="loginverification()[pri:0, instance:Test.LoginTest@495fac5f]" started-at="2026-06-05T15:50:56 IST" name="loginverification" finished-at="2026-06-05T15:50:57 IST" duration-ms="1137" status="PASS">
          <reporter-output>
          </reporter-output>
        </test-method> <!-- loginverification -->
        <test-method is-config="true" signature="teardown()[pri:0, instance:Test.LoginTest@495fac5f]" started-at="2026-06-05T15:50:57 IST" name="teardown" finished-at="2026-06-05T15:50:57 IST" duration-ms="312" status="PASS">
          <reporter-output>
          </reporter-output>
        </test-method> <!-- teardown -->
      </class> <!-- Test.LoginTest -->
    </test> <!-- Test -->
  </suite> <!-- Suite -->
</testng-results>
